2024-04-04 20:10:11,858 - pyswarms.single.global_best - INFO - Optimize for 200 iters with {'c1': 0.5, 'c2': 0.3, 'w': 0.9}
2024-04-04 20:10:19,467 - pyswarms.single.global_best - INFO - Optimization finished | best cost: 1.7305792649368923, best pos: [ 0.07286005  0.05046681  0.48059427 -0.92000972  0.86602167  0.58290168
  0.41356064  0.71342091]
2024-04-04 20:10:20,137 - pyswarms.single.global_best - INFO - Optimize for 200 iters with {'c1': 0.5, 'c2': 0.3, 'w': 0.9}
2024-04-04 20:10:29,263 - pyswarms.single.global_best - INFO - Optimization finished | best cost: 1.4776461312423428, best pos: [ 0.17522885  0.08329095 -1.19020404 -1.12562127  0.2652601   0.40590259
  1.09992672  0.20088758]
2024-04-04 20:10:30,015 - pyswarms.single.global_best - INFO - Optimize for 200 iters with {'c1': 0.5, 'c2': 0.3, 'w': 0.9}
2024-04-04 20:10:43,139 - pyswarms.single.global_best - INFO - Optimization finished | best cost: 1.2785290328902383, best pos: [ 0.07321951  1.54552037 -0.95799097 -1.08087251  0.64770509  0.02019914
  0.0561197   0.55119771]
2024-04-04 20:10:44,267 - pyswarms.single.global_best - INFO - Optimize for 200 iters with {'c1': 0.5, 'c2': 0.3, 'w': 0.9}
2024-04-04 20:10:56,449 - pyswarms.single.global_best - INFO - Optimization finished | best cost: 1.4334834148879985, best pos: [ 0.20252305  0.03190027 -1.88364589 -0.90822646  0.3235829   1.18469867
  0.54480713  0.289098  ]
2024-04-04 20:10:57,541 - pyswarms.single.global_best - INFO - Optimize for 200 iters with {'c1': 0.5, 'c2': 0.3, 'w': 0.9}
2024-04-04 20:11:10,035 - pyswarms.single.global_best - INFO - Optimization finished | best cost: 1.1778629989051437, best pos: [ 0.02271753  0.03785007 -1.06406714 -1.49723483  0.9145759   0.65378032
  0.8300708   1.37569874]
2024-04-04 20:11:11,110 - pyswarms.single.global_best - INFO - Optimize for 200 iters with {'c1': 0.5, 'c2': 0.3, 'w': 0.9}
2024-04-04 20:11:19,917 - pyswarms.single.global_best - INFO - Optimization finished | best cost: 1.3966927247332022, best pos: [ 0.12225657  0.06922324 -1.54433785 -0.9534291   0.67091151  0.49584997
  0.71100731  0.58175836]
2024-04-04 20:11:20,704 - pyswarms.single.global_best - INFO - Optimize for 200 iters with {'c1': 0.5, 'c2': 0.3, 'w': 0.9}
2024-04-04 20:11:30,118 - pyswarms.single.global_best - INFO - Optimization finished | best cost: 1.1809974759176136, best pos: [ 0.0295612   0.38795123 -0.64833786 -1.28815566  0.90676547  0.04159286
  0.09606725  0.58541348]
2024-04-04 20:11:30,910 - pyswarms.single.global_best - INFO - Optimize for 200 iters with {'c1': 0.5, 'c2': 0.3, 'w': 0.9}
2024-04-04 20:11:37,759 - pyswarms.single.global_best - INFO - Optimization finished | best cost: 1.606294072593802, best pos: [ 0.14486049  0.48279089 -1.15077022 -0.97699092  0.42712849  0.11377604
  0.12440025  0.4205826 ]
2024-04-04 20:11:38,346 - pyswarms.single.global_best - INFO - Optimize for 200 iters with {'c1': 0.5, 'c2': 0.3, 'w': 0.9}
2024-04-04 20:11:43,496 - pyswarms.single.global_best - INFO - Optimization finished | best cost: 1.3321028327564408, best pos: [ 0.10778962  0.4764543  -0.84421857 -0.86626445  0.60194984  0.09508194
  0.19275714  0.52680201]
2024-04-04 20:11:43,937 - pyswarms.single.global_best - INFO - Optimize for 200 iters with {'c1': 0.5, 'c2': 0.3, 'w': 0.9}
2024-04-04 20:11:47,740 - pyswarms.single.global_best - INFO - Optimization finished | best cost: 1.6045728239389545, best pos: [ 0.04938062  0.09143088 -1.15058891  0.02745464  1.00032143  1.02612445
  0.85267177  0.7850155 ]
2024-04-04 20:11:48,077 - pyswarms.single.global_best - INFO - Optimize for 200 iters with {'c1': 0.5, 'c2': 0.3, 'w': 0.9}
2024-04-04 20:11:51,824 - pyswarms.single.global_best - INFO - Optimization finished | best cost: 1.6443410037896835, best pos: [ 0.05819657  2.60213319 -0.49636412 -1.10495716  0.95579553  0.1590464
  0.04115796  0.72686923]
2024-04-04 20:11:52,162 - pyswarms.single.global_best - INFO - Optimize for 200 iters with {'c1': 0.5, 'c2': 0.3, 'w': 0.9}
2024-04-04 20:11:55,818 - pyswarms.single.global_best - INFO - Optimization finished | best cost: 1.4713767357413987, best pos: [ 0.04094367  0.11866121 -0.96707328 -1.62221767  0.72934851  0.47267393
  0.7246328   0.57711814]
2024-04-04 20:11:56,144 - pyswarms.single.global_best - INFO - Optimize for 200 iters with {'c1': 0.5, 'c2': 0.3, 'w': 0.9}
2024-04-04 20:12:04,906 - pyswarms.single.global_best - INFO - Optimization finished | best cost: 1.218285134434131, best pos: [ 0.06627288  0.08901867 -0.62199959 -1.60757288  0.73477307  0.60394888
  0.47076112  0.63219159]
2024-04-04 20:12:05,667 - pyswarms.single.global_best - INFO - Optimize for 200 iters with {'c1': 0.5, 'c2': 0.3, 'w': 0.9}
2024-04-04 20:12:16,781 - pyswarms.single.global_best - INFO - Optimization finished | best cost: 1.017673399657646, best pos: [ 0.08315762  0.04389214 -1.30281029 -1.44947318  0.8693898   0.58325832
  0.6644954   0.2813441 ]
2024-04-04 20:12:17,730 - pyswarms.single.global_best - INFO - Optimize for 200 iters with {'c1': 0.5, 'c2': 0.3, 'w': 0.9}
2024-04-04 20:12:26,396 - pyswarms.single.global_best - INFO - Optimization finished | best cost: 1.3664716866573776, best pos: [ 0.31206945  0.2035983  -1.0665736  -1.41192028  0.1939397   0.27733916
  0.13810709  0.16000963]
2024-04-04 20:12:27,115 - pyswarms.single.global_best - INFO - Optimize for 200 iters with {'c1': 0.5, 'c2': 0.3, 'w': 0.9}
2024-04-04 20:12:35,364 - pyswarms.single.global_best - INFO - Optimization finished | best cost: 1.1882136996044668, best pos: [ 0.0863661   0.00562945 -1.43270705 -1.44744865  0.72615639  1.07125335
  0.45606822  0.35248526]
2024-04-04 20:12:36,078 - pyswarms.single.global_best - INFO - Optimize for 200 iters with {'c1': 0.5, 'c2': 0.3, 'w': 0.9}
2024-04-04 20:12:43,352 - pyswarms.single.global_best - INFO - Optimization finished | best cost: 1.4507703819294768, best pos: [ 0.06441649  0.1495702  -0.82176028 -1.48764173  0.5159274   0.36835275
  0.23557794  0.68277069]
2024-04-04 20:12:43,975 - pyswarms.single.global_best - INFO - Optimize for 200 iters with {'c1': 0.5, 'c2': 0.3, 'w': 0.9}
2024-04-04 20:12:49,683 - pyswarms.single.global_best - INFO - Optimization finished | best cost: 1.136743133186022, best pos: [ 0.1273302   0.17366964 -1.03391019 -1.55699594  0.59908768  0.24521656
  0.52213478  0.70849363]
2024-04-04 20:12:50,172 - pyswarms.single.global_best - INFO - Optimize for 200 iters with {'c1': 0.5, 'c2': 0.3, 'w': 0.9}
2024-04-04 20:12:57,358 - pyswarms.single.global_best - INFO - Optimization finished | best cost: 1.2265345371435092, best pos: [ 0.12071077  0.06641784 -1.1221755  -1.37895415  0.65940108  0.84087973
  0.86614341  1.05549088]
2024-04-04 20:12:57,980 - pyswarms.single.global_best - INFO - Optimize for 200 iters with {'c1': 0.5, 'c2': 0.3, 'w': 0.9}
2024-04-04 20:13:05,673 - pyswarms.single.global_best - INFO - Optimization finished | best cost: 1.234123361331408, best pos: [ 0.06603733  0.24139113 -1.30415276 -1.81007756  0.69389404  0.4945551
  0.14456074  0.46070668]
2024-04-04 20:13:06,338 - pyswarms.single.global_best - INFO - Optimize for 200 iters with {'c1': 0.5, 'c2': 0.3, 'w': 0.9}
2024-04-04 20:13:12,073 - pyswarms.single.global_best - INFO - Optimization finished | best cost: 1.466623285182284, best pos: [ 0.08776072  0.07148154 -1.17165414 -2.58714846  1.01754854  1.45479791
  1.06795332  0.32414198]
2024-04-04 20:13:12,577 - pyswarms.single.global_best - INFO - Optimize for 200 iters with {'c1': 0.5, 'c2': 0.3, 'w': 0.9}
2024-04-04 20:13:16,363 - pyswarms.single.global_best - INFO - Optimization finished | best cost: 1.5750905908700212, best pos: [ 0.18473976  1.64342255 -2.21147842 -0.78681396  0.50427694  0.07700139
  0.00549269  0.34702925]
2024-04-04 20:13:16,686 - pyswarms.single.global_best - INFO - Optimize for 200 iters with {'c1': 0.5, 'c2': 0.3, 'w': 0.9}
2024-04-04 20:13:20,961 - pyswarms.single.global_best - INFO - Optimization finished | best cost: 1.5374843502891746, best pos: [ 0.05448374  0.31611031 -0.676394   -2.15440977  1.13587338  0.25871493
  0.17166267  0.45997502]
2024-04-04 20:13:21,321 - pyswarms.single.global_best - INFO - Optimize for 200 iters with {'c1': 0.5, 'c2': 0.3, 'w': 0.9}
2024-04-04 20:13:25,669 - pyswarms.single.global_best - INFO - Optimization finished | best cost: 1.6582684252207922, best pos: [ 0.13789246  0.13660142 -0.53846836 -0.66025272  0.917265    0.21692921
  0.27045978  0.35387969]
2024-04-04 20:13:26,046 - pyswarms.single.global_best - INFO - Optimize for 200 iters with {'c1': 0.5, 'c2': 0.3, 'w': 0.9}
2024-04-04 20:13:30,452 - pyswarms.single.global_best - INFO - Optimization finished | best cost: 1.277370767050957, best pos: [ 0.85019962  0.08880767 -1.01846309 -0.69496487  0.04456339  0.90763838
  0.39702512  0.03496863]
2024-04-04 20:13:30,829 - pyswarms.single.global_best - INFO - Optimize for 200 iters with {'c1': 0.5, 'c2': 0.3, 'w': 0.9}
2024-04-04 20:13:38,000 - pyswarms.single.global_best - INFO - Optimization finished | best cost: 1.4632493040033696, best pos: [ 0.01263021  0.10117237 -0.83561251 -0.71355846  1.46470118  0.67934506
  0.45670264  0.92465564]
2024-04-04 20:13:38,617 - pyswarms.single.global_best - INFO - Optimize for 200 iters with {'c1': 0.5, 'c2': 0.3, 'w': 0.9}
2024-04-04 20:13:46,348 - pyswarms.single.global_best - INFO - Optimization finished | best cost: 1.3087423221878576, best pos: [ 0.05922657  0.07766582 -0.86958151 -1.78846796  0.71434689  1.00354347
  0.29584756  0.53020054]
2024-04-04 20:13:47,006 - pyswarms.single.global_best - INFO - Optimize for 200 iters with {'c1': 0.5, 'c2': 0.3, 'w': 0.9}
2024-04-04 20:13:48,286 - pyswarms.single.global_best - INFO - Optimization finished | best cost: 1.3485131849298067, best pos: [ 0.21059994  0.20627403 -1.26197283 -1.02919314  0.86865336  0.44904612
  0.06903789  0.12853521]
2024-04-04 20:13:48,396 - pyswarms.single.global_best - INFO - Optimize for 200 iters with {'c1': 0.5, 'c2': 0.3, 'w': 0.9}
2024-04-04 20:13:56,760 - pyswarms.single.global_best - INFO - Optimization finished | best cost: 1.381567456754848, best pos: [ 0.14481791  0.06151536 -0.75700495 -1.20588869  0.29382582  0.69255746
  0.71724132  0.38716655]
2024-04-04 20:13:57,493 - pyswarms.single.global_best - INFO - Optimize for 200 iters with {'c1': 0.5, 'c2': 0.3, 'w': 0.9}
2024-04-04 20:14:03,084 - pyswarms.single.global_best - INFO - Optimization finished | best cost: 1.2801118550631143, best pos: [ 0.06887129  0.12041226 -1.20041776 -1.85304601  0.91324631  0.45723589
  0.52790179  1.04215273]
2024-04-04 20:14:03,995 - pyswarms.single.global_best - INFO - Optimize for 200 iters with {'c1': 0.5, 'c2': 0.3, 'w': 0.9}
2024-04-04 20:14:09,730 - pyswarms.single.global_best - INFO - Optimization finished | best cost: 0.9764916848894384, best pos: [ 0.06751222  0.0196418  -1.1828648  -1.43063939  0.99116415  0.92413344
  0.85452918  0.42980306]
2024-04-04 20:21:23,423 - pyswarms.single.global_best - INFO - Optimize for 200 iters with {'c1': 0.5, 'c2': 0.3, 'w': 0.9}
2024-04-04 20:21:30,521 - pyswarms.single.global_best - INFO - Optimization finished | best cost: 1.2471160067719627, best pos: [ 0.09754833  0.114201   -0.53383265 -1.09207926  0.48430549  0.49204848
  0.52132718  0.40737893]
2024-04-04 20:21:31,119 - pyswarms.single.global_best - INFO - Optimize for 200 iters with {'c1': 0.5, 'c2': 0.3, 'w': 0.9}
2024-04-04 20:21:54,641 - pyswarms.single.global_best - INFO - Optimization finished | best cost: 1.4241799017833683, best pos: [ 0.10609764  0.03554126 -1.0099399  -1.16694845  0.30172053  1.45692498
  0.60173397  0.34905607]
2024-04-04 20:21:55,719 - pyswarms.single.global_best - INFO - Optimize for 200 iters with {'c1': 0.5, 'c2': 0.3, 'w': 0.9}
2024-04-04 20:21:59,574 - pyswarms.single.global_best - INFO - Optimization finished | best cost: 0.9507503614859621, best pos: [ 0.05450863  0.06736978 -1.49633893 -2.11797241  1.13271912  0.66034905
  1.22045247  1.04519373]
2024-04-04 20:21:59,902 - pyswarms.single.global_best - INFO - Optimize for 200 iters with {'c1': 0.5, 'c2': 0.3, 'w': 0.9}
2024-04-04 20:22:37,877 - pyswarms.single.global_best - INFO - Optimization finished | best cost: 1.2847915963247196, best pos: [ 0.07845424  0.14319011 -0.89962876 -2.04699705  0.46772312  0.51616336
  0.60128908  0.50230762]
2024-04-04 20:22:38,416 - pyswarms.single.global_best - INFO - Optimize for 200 iters with {'c1': 0.5, 'c2': 0.3, 'w': 0.9}
2024-04-04 20:22:45,483 - pyswarms.single.global_best - INFO - Optimization finished | best cost: 1.3246932318454283, best pos: [ 0.06328113  0.10489794 -1.06241236 -1.80000887  0.60451568  0.78527099
  1.0593498   1.10013241]
2024-04-04 20:22:46,086 - pyswarms.single.global_best - INFO - Optimize for 200 iters with {'c1': 0.5, 'c2': 0.3, 'w': 0.9}
2024-04-04 20:23:03,783 - pyswarms.single.global_best - INFO - Optimization finished | best cost: 1.533781969701102, best pos: [ 0.06045619  0.08486667 -0.38838344 -0.70767866  0.71530032  0.24247787
  0.45430724  1.14041098]
2024-04-04 20:23:04,525 - pyswarms.single.global_best - INFO - Optimize for 200 iters with {'c1': 0.5, 'c2': 0.3, 'w': 0.9}
2024-04-04 20:23:15,413 - pyswarms.single.global_best - INFO - Optimization finished | best cost: 1.5139675602831504, best pos: [ 0.05114484  0.11339537 -0.31504163 -1.07184454  0.6153573   0.55559724
  0.46046925  0.5939752 ]
2024-04-04 20:23:16,352 - pyswarms.single.global_best - INFO - Optimize for 200 iters with {'c1': 0.5, 'c2': 0.3, 'w': 0.9}
2024-04-04 20:23:35,315 - pyswarms.single.global_best - INFO - Optimization finished | best cost: 1.2434260812290312, best pos: [ 0.05079915  0.12871612 -1.25398225 -1.08361753  0.90883901  0.32261059
  0.33596418  0.24841952]
2024-04-04 20:23:35,894 - pyswarms.single.global_best - INFO - Optimize for 200 iters with {'c1': 0.5, 'c2': 0.3, 'w': 0.9}
2024-04-04 20:27:18,336 - pyswarms.single.global_best - INFO - Optimization finished | best cost: 1.2865901466506495, best pos: [ 0.07422984  0.24634139 -1.16378246 -0.8610952   0.82841867  0.44147819
  0.21020081  0.2897084 ]
2024-04-04 20:27:19,048 - pyswarms.single.global_best - INFO - Optimize for 200 iters with {'c1': 0.5, 'c2': 0.3, 'w': 0.9}
2024-04-04 20:27:31,403 - pyswarms.single.global_best - INFO - Optimization finished | best cost: 1.6544670184922536, best pos: [ 0.08051088  0.90555484 -1.08323463 -0.63023461  0.48364907  0.1446185
  0.01975786  1.28604618]
2024-04-04 20:27:32,448 - pyswarms.single.global_best - INFO - Optimize for 200 iters with {'c1': 0.5, 'c2': 0.3, 'w': 0.9}
2024-04-04 20:27:44,344 - pyswarms.single.global_best - INFO - Optimization finished | best cost: 1.2768051897853134, best pos: [ 0.07915979  0.0346397  -1.14754523 -1.18487046  0.44076329  0.46202634
  0.9610158   0.40657837]
