2024-04-10 18:28:43,597 - pyswarms.single.global_best - INFO - Optimize for 200 iters with {'c1': 0.5, 'c2': 0.3, 'w': 0.9}
2024-04-10 18:28:51,360 - pyswarms.single.global_best - INFO - Optimization finished | best cost: 1.6777240323770006, best pos: [ 0.03652358  0.10404785 -1.13883779 -0.83846412  1.10783551  0.63427367
  0.67588721  0.57151782]
2024-04-10 18:29:21,888 - pyswarms.single.global_best - INFO - Optimize for 200 iters with {'c1': 0.5, 'c2': 0.3, 'w': 0.9}
2024-04-10 18:29:29,418 - pyswarms.single.global_best - INFO - Optimization finished | best cost: 1.663829672318365, best pos: [ 0.0230523   0.14493361 -0.64951783 -0.74001006  1.1292672   0.21861453
  0.48655795  0.45180492]
2024-04-10 18:29:30,008 - pyswarms.single.global_best - INFO - Optimize for 200 iters with {'c1': 0.5, 'c2': 0.3, 'w': 0.9}
2024-04-10 18:29:39,212 - pyswarms.single.global_best - INFO - Optimization finished | best cost: 1.4815211378091293, best pos: [ 0.16210102  0.03431639 -1.06373312 -1.22931399  0.26435031  0.58409691
  0.95583873  0.26623332]
2024-04-10 18:29:39,922 - pyswarms.single.global_best - INFO - Optimize for 200 iters with {'c1': 0.5, 'c2': 0.3, 'w': 0.9}
2024-04-10 18:29:53,409 - pyswarms.single.global_best - INFO - Optimization finished | best cost: 1.2747200860756627, best pos: [ 0.04070845  0.11351008 -1.08841779 -1.37694439  0.46446125  0.3867843
  0.37979972  0.4734067 ]
2024-04-10 18:29:54,459 - pyswarms.single.global_best - INFO - Optimize for 200 iters with {'c1': 0.5, 'c2': 0.3, 'w': 0.9}
2024-04-10 18:30:07,131 - pyswarms.single.global_best - INFO - Optimization finished | best cost: 1.4033494288253436, best pos: [ 0.07324202  0.05282068 -1.43849373 -1.1547424   0.5884057   0.4352857
  0.37180464  0.79832485]
2024-04-10 18:30:08,139 - pyswarms.single.global_best - INFO - Optimize for 200 iters with {'c1': 0.5, 'c2': 0.3, 'w': 0.9}
2024-04-10 18:30:21,054 - pyswarms.single.global_best - INFO - Optimization finished | best cost: 1.173475437816533, best pos: [ 0.0275221   0.07857207 -1.01787257 -1.53175626  0.62877708  0.4484791
  0.28817425  0.76692418]
2024-04-10 18:30:22,064 - pyswarms.single.global_best - INFO - Optimize for 200 iters with {'c1': 0.5, 'c2': 0.3, 'w': 0.9}
2024-04-10 18:30:31,245 - pyswarms.single.global_best - INFO - Optimization finished | best cost: 1.3937269612825391, best pos: [ 0.0604903   0.09199    -1.41655173 -1.11753714  1.07198224  0.78534096
  0.73346191  1.22019342]
2024-04-10 18:30:31,966 - pyswarms.single.global_best - INFO - Optimize for 200 iters with {'c1': 0.5, 'c2': 0.3, 'w': 0.9}
2024-04-10 18:30:41,572 - pyswarms.single.global_best - INFO - Optimization finished | best cost: 1.1759355825358129, best pos: [ 0.09683993  0.68115187 -1.07718493 -0.95057637  0.55894375  0.03026774
  0.07385525  0.29251303]
2024-04-10 18:30:42,338 - pyswarms.single.global_best - INFO - Optimize for 200 iters with {'c1': 0.5, 'c2': 0.3, 'w': 0.9}
2024-04-10 18:30:49,479 - pyswarms.single.global_best - INFO - Optimization finished | best cost: 1.6002375648654072, best pos: [ 0.15164193  0.18796833 -0.98364633 -0.64154525  0.44242899  0.23471728
  0.27675703  0.21629714]
2024-04-10 18:30:50,092 - pyswarms.single.global_best - INFO - Optimize for 200 iters with {'c1': 0.5, 'c2': 0.3, 'w': 0.9}
2024-04-10 18:30:55,715 - pyswarms.single.global_best - INFO - Optimization finished | best cost: 1.3560244334314737, best pos: [ 0.05272108  0.06715831 -1.17625423 -2.4926156   1.19238497  1.12025584
  0.98624241  0.79639259]
2024-04-10 18:30:56,202 - pyswarms.single.global_best - INFO - Optimize for 200 iters with {'c1': 0.5, 'c2': 0.3, 'w': 0.9}
2024-04-10 18:31:00,362 - pyswarms.single.global_best - INFO - Optimization finished | best cost: 1.5687194006392533, best pos: [ 0.03175967  0.07699884 -0.2713717  -1.83542252  1.21301737  0.798007
  0.83223068  1.07475136]
2024-04-10 18:31:00,680 - pyswarms.single.global_best - INFO - Optimize for 200 iters with {'c1': 0.5, 'c2': 0.3, 'w': 0.9}
2024-04-10 18:31:04,592 - pyswarms.single.global_best - INFO - Optimization finished | best cost: 1.5517268832400601, best pos: [ 0.14732467  0.35781697 -0.67770197 -2.14825067  0.74295665  0.13682174
  0.30118627  0.39331543]
2024-04-10 18:31:04,903 - pyswarms.single.global_best - INFO - Optimize for 200 iters with {'c1': 0.5, 'c2': 0.3, 'w': 0.9}
2024-04-10 18:31:08,785 - pyswarms.single.global_best - INFO - Optimization finished | best cost: 1.457980385510229, best pos: [ 0.04171067  0.09463405 -1.05669276 -1.47509479  1.39885021  0.43442092
  0.68442212  1.09688043]
2024-04-10 18:31:09,093 - pyswarms.single.global_best - INFO - Optimize for 200 iters with {'c1': 0.5, 'c2': 0.3, 'w': 0.9}
2024-04-10 18:31:18,231 - pyswarms.single.global_best - INFO - Optimization finished | best cost: 1.2146992696712784, best pos: [ 0.1129261   0.03295242 -0.81522397 -1.15196431  0.56134983  1.33296237
  0.61653792  0.30029936]
2024-04-10 18:31:18,948 - pyswarms.single.global_best - INFO - Optimize for 200 iters with {'c1': 0.5, 'c2': 0.3, 'w': 0.9}
2024-04-10 18:31:30,311 - pyswarms.single.global_best - INFO - Optimization finished | best cost: 1.0226053693980228, best pos: [ 0.05773151  0.1340832  -1.13868889 -1.29007943  0.61282942  0.64066027
  0.51065013  0.74927242]
2024-04-10 18:31:31,204 - pyswarms.single.global_best - INFO - Optimize for 200 iters with {'c1': 0.5, 'c2': 0.3, 'w': 0.9}
2024-04-10 18:31:39,791 - pyswarms.single.global_best - INFO - Optimization finished | best cost: 1.3573926963128664, best pos: [ 0.15823826  0.08846949 -0.87704036 -1.43760985  0.29115581  0.95637615
  0.52196688  0.36672316]
2024-04-10 18:31:40,482 - pyswarms.single.global_best - INFO - Optimize for 200 iters with {'c1': 0.5, 'c2': 0.3, 'w': 0.9}
2024-04-10 18:31:49,073 - pyswarms.single.global_best - INFO - Optimization finished | best cost: 1.201793824155846, best pos: [ 0.66410655  0.05500748 -1.53622038 -1.4753036   0.04876302  0.76026025
  1.07886556  0.04752759]
2024-04-10 18:31:49,772 - pyswarms.single.global_best - INFO - Optimize for 200 iters with {'c1': 0.5, 'c2': 0.3, 'w': 0.9}
2024-04-10 18:31:57,415 - pyswarms.single.global_best - INFO - Optimization finished | best cost: 1.5046906444823416, best pos: [ 0.17626022  0.18281642 -0.58374301 -2.11648183  0.35260742  0.55993426
  0.58838487  0.24396255]
2024-04-10 18:31:58,024 - pyswarms.single.global_best - INFO - Optimize for 200 iters with {'c1': 0.5, 'c2': 0.3, 'w': 0.9}
2024-04-10 18:32:03,975 - pyswarms.single.global_best - INFO - Optimization finished | best cost: 1.1385229768896474, best pos: [ 0.17571226  0.32713141 -0.83745297 -1.29664476  0.46535616  0.19461904
  0.09387638  0.3981834 ]
2024-04-10 18:32:04,446 - pyswarms.single.global_best - INFO - Optimize for 200 iters with {'c1': 0.5, 'c2': 0.3, 'w': 0.9}
2024-04-10 18:32:11,944 - pyswarms.single.global_best - INFO - Optimization finished | best cost: 1.2151356162482334, best pos: [ 0.10911203  0.62877261 -1.60446345 -1.36751512  0.42471464  0.02698846
  0.12586228  0.5440753 ]
2024-04-10 18:32:12,545 - pyswarms.single.global_best - INFO - Optimize for 200 iters with {'c1': 0.5, 'c2': 0.3, 'w': 0.9}
2024-04-10 18:32:20,647 - pyswarms.single.global_best - INFO - Optimization finished | best cost: 1.242785102571376, best pos: [ 0.42740985  0.13296502 -0.65649415 -1.86524899  0.07309549  0.22592249
  0.53499453  0.14887025]
2024-04-10 18:32:21,298 - pyswarms.single.global_best - INFO - Optimize for 200 iters with {'c1': 0.5, 'c2': 0.3, 'w': 0.9}
2024-04-10 18:32:27,297 - pyswarms.single.global_best - INFO - Optimization finished | best cost: 1.4530055291407247, best pos: [ 2.02841403  0.07454014 -1.14898997 -1.11284672  0.0884888   1.10293646
  0.82563292  0.0184067 ]
2024-04-10 18:32:27,749 - pyswarms.single.global_best - INFO - Optimize for 200 iters with {'c1': 0.5, 'c2': 0.3, 'w': 0.9}
2024-04-10 18:32:31,730 - pyswarms.single.global_best - INFO - Optimization finished | best cost: 1.4684101649106656, best pos: [ 0.00716296  0.10703286 -0.79457052 -1.01324533  0.80823397  0.20337158
  0.53152448  0.24671195]
2024-04-10 18:32:32,048 - pyswarms.single.global_best - INFO - Optimize for 200 iters with {'c1': 0.5, 'c2': 0.3, 'w': 0.9}
2024-04-10 18:32:36,408 - pyswarms.single.global_best - INFO - Optimization finished | best cost: 1.501728680703372, best pos: [ 0.04459054  0.03752991 -0.44707305 -0.72190767  0.70556881  0.71475124
  0.80617028  0.87767951]
2024-04-10 18:32:36,754 - pyswarms.single.global_best - INFO - Optimize for 200 iters with {'c1': 0.5, 'c2': 0.3, 'w': 0.9}
2024-04-10 18:32:42,827 - pyswarms.single.global_best - INFO - Optimization finished | best cost: 1.3379971590740147, best pos: [ 0.11001587  0.14421113 -0.70400136 -1.42950713  0.47764053  0.46310864
  0.49273313  0.46890436]
2024-04-10 18:32:43,316 - pyswarms.single.global_best - INFO - Optimize for 200 iters with {'c1': 0.5, 'c2': 0.3, 'w': 0.9}
2024-04-10 18:32:47,842 - pyswarms.single.global_best - INFO - Optimization finished | best cost: 1.6318847296069285, best pos: [ 0.13318903  0.24850094 -0.79528863 -0.62281358  0.53121137  0.17322416
  0.16455002  0.15632685]
2024-04-10 18:32:48,201 - pyswarms.single.global_best - INFO - Optimize for 200 iters with {'c1': 0.5, 'c2': 0.3, 'w': 0.9}
2024-04-10 18:32:52,783 - pyswarms.single.global_best - INFO - Optimization finished | best cost: 1.2577432384342575, best pos: [ 0.02133003  0.13460546 -0.83320565 -1.14066625  0.64562001  0.70110367
  0.39857171  0.95899054]
2024-04-10 18:32:53,140 - pyswarms.single.global_best - INFO - Optimize for 200 iters with {'c1': 0.5, 'c2': 0.3, 'w': 0.9}
2024-04-10 18:33:00,558 - pyswarms.single.global_best - INFO - Optimization finished | best cost: 1.605673530043421, best pos: [ 0.16670753  0.06927342  0.92690071 -0.80650409  0.83992416  0.75033967
  0.70490578  0.55556975]
2024-04-10 18:33:01,150 - pyswarms.single.global_best - INFO - Optimize for 200 iters with {'c1': 0.5, 'c2': 0.3, 'w': 0.9}
2024-04-10 18:33:09,324 - pyswarms.single.global_best - INFO - Optimization finished | best cost: 1.3031836202357963, best pos: [ 0.03977024  0.09971489 -1.13670056 -1.50719846  0.57149231  0.28821617
  0.33583181  0.20805433]
2024-04-10 18:33:09,965 - pyswarms.single.global_best - INFO - Optimize for 200 iters with {'c1': 0.5, 'c2': 0.3, 'w': 0.9}
2024-04-10 18:33:11,459 - pyswarms.single.global_best - INFO - Optimization finished | best cost: 1.3572243228754655, best pos: [ 0.09157855  0.12624433 -1.47163386 -1.56850998  1.21588251  0.64719569
  0.90604696  0.69278116]
2024-04-10 18:33:11,573 - pyswarms.single.global_best - INFO - Optimize for 200 iters with {'c1': 0.5, 'c2': 0.3, 'w': 0.9}
2024-04-10 18:33:14,676 - pyswarms.single.global_best - INFO - Optimization finished | best cost: 1.2949124971280959, best pos: [ 0.09905     0.16310028 -1.27455208 -1.25804692  0.62997587  0.5425249
  0.18722301  0.89396256]
2024-04-10 18:33:14,920 - pyswarms.single.global_best - INFO - Optimize for 200 iters with {'c1': 0.5, 'c2': 0.3, 'w': 0.9}
2024-04-10 18:33:24,581 - pyswarms.single.global_best - INFO - Optimization finished | best cost: 1.1194011134572592, best pos: [ 0.08701888  0.09088213 -0.71916667 -2.24802272  1.13954271  1.12926334
  0.42680502  0.74411772]
2024-04-10 18:33:25,337 - pyswarms.single.global_best - INFO - Optimize for 200 iters with {'c1': 0.5, 'c2': 0.3, 'w': 0.9}
2024-04-10 18:33:34,348 - pyswarms.single.global_best - INFO - Optimization finished | best cost: 1.4164199731557188, best pos: [ 0.05166461  0.09602735 -0.85688599 -0.16448414  0.77927416  1.11587613
  0.48528947  0.35369589]
2024-04-10 18:33:35,091 - pyswarms.single.global_best - INFO - Optimize for 200 iters with {'c1': 0.5, 'c2': 0.3, 'w': 0.9}
2024-04-10 18:33:41,271 - pyswarms.single.global_best - INFO - Optimization finished | best cost: 1.2494182763686625, best pos: [ 0.06065128  0.06939857 -1.26960023 -1.13580062  0.72879787  0.51231395
  0.65940479  0.41953302]
2024-04-10 18:33:41,751 - pyswarms.single.global_best - INFO - Optimize for 200 iters with {'c1': 0.5, 'c2': 0.3, 'w': 0.9}
2024-04-10 18:33:48,019 - pyswarms.single.global_best - INFO - Optimization finished | best cost: 0.982989371616551, best pos: [ 0.05688092  0.25622025 -1.30366129 -1.37161548  1.45232505  0.05276056
  0.39402347  0.74914052]
2024-04-10 18:33:48,498 - pyswarms.single.global_best - INFO - Optimize for 200 iters with {'c1': 0.5, 'c2': 0.3, 'w': 0.9}
2024-04-10 18:33:55,671 - pyswarms.single.global_best - INFO - Optimization finished | best cost: 1.2948345851529848, best pos: [ 0.06977597  0.96553465 -0.41888699 -1.66861789  0.81762835  0.15944104
  0.0915675   0.35491329]
2024-04-10 18:33:56,268 - pyswarms.single.global_best - INFO - Optimize for 200 iters with {'c1': 0.5, 'c2': 0.3, 'w': 0.9}
2024-04-10 18:34:08,719 - pyswarms.single.global_best - INFO - Optimization finished | best cost: 1.4397846196470336, best pos: [ 0.18326728  0.19000891 -1.00311634 -1.0836451   0.60994715  0.25367584
  0.12469484  0.23477017]
2024-04-10 18:34:09,688 - pyswarms.single.global_best - INFO - Optimize for 200 iters with {'c1': 0.5, 'c2': 0.3, 'w': 0.9}
2024-04-10 18:34:16,402 - pyswarms.single.global_best - INFO - Optimization finished | best cost: 1.2027298374199356, best pos: [ 0.33365046  0.10555847 -0.79098213 -1.63117817  0.26251973  0.82994246
  0.36084463  0.20892538]
2024-04-10 18:34:16,912 - pyswarms.single.global_best - INFO - Optimize for 200 iters with {'c1': 0.5, 'c2': 0.3, 'w': 0.9}
2024-04-10 18:34:22,793 - pyswarms.single.global_best - INFO - Optimization finished | best cost: 1.0406410008029876, best pos: [ 0.06837472  0.09579142 -1.64966543 -2.23403977  0.55630453  0.70925034
  1.48518283  1.20086097]
2024-04-10 18:34:23,268 - pyswarms.single.global_best - INFO - Optimize for 200 iters with {'c1': 0.5, 'c2': 0.3, 'w': 0.9}
2024-04-10 18:34:27,512 - pyswarms.single.global_best - INFO - Optimization finished | best cost: 0.9452740871040058, best pos: [ 0.13554238  0.07146807 -1.22660342 -2.20980126  0.40172538  1.21088986
  0.75827685  0.60466933]
2024-04-10 18:34:27,843 - pyswarms.single.global_best - INFO - Optimize for 200 iters with {'c1': 0.5, 'c2': 0.3, 'w': 0.9}
2024-04-10 18:34:34,580 - pyswarms.single.global_best - INFO - Optimization finished | best cost: 1.2689415868468379, best pos: [ 0.07572074  0.07772007 -0.84838606 -0.71630529  0.34986326  0.89662032
  0.94589991  0.93868996]
2024-04-10 18:34:35,103 - pyswarms.single.global_best - INFO - Optimize for 200 iters with {'c1': 0.5, 'c2': 0.3, 'w': 0.9}
2024-04-10 18:34:42,716 - pyswarms.single.global_best - INFO - Optimization finished | best cost: 1.3017860113232214, best pos: [ 0.07361146  0.03648266 -1.10982168 -1.21390667  0.30785423  1.47563001
  0.54318709  0.75506271]
2024-04-10 18:34:43,297 - pyswarms.single.global_best - INFO - Optimize for 200 iters with {'c1': 0.5, 'c2': 0.3, 'w': 0.9}
2024-04-10 18:34:52,628 - pyswarms.single.global_best - INFO - Optimization finished | best cost: 1.5640106380497414, best pos: [ 0.03703018  0.24401094 -1.187783   -0.11159834  0.69415835  0.29366864
  0.30978354  1.06108927]
2024-04-10 18:34:53,410 - pyswarms.single.global_best - INFO - Optimize for 200 iters with {'c1': 0.5, 'c2': 0.3, 'w': 0.9}
2024-04-10 18:34:58,284 - pyswarms.single.global_best - INFO - Optimization finished | best cost: 1.5521389344690728, best pos: [ 0.16580716  1.41367692 -0.91864153 -1.18582257  0.52841972  0.01425773
  0.09314284  0.00982825]
2024-04-10 18:34:58,672 - pyswarms.single.global_best - INFO - Optimize for 200 iters with {'c1': 0.5, 'c2': 0.3, 'w': 0.9}
2024-04-10 18:35:10,218 - pyswarms.single.global_best - INFO - Optimization finished | best cost: 1.504174773160508, best pos: [ 0.03015627  0.07999185 -0.29193319 -1.45936824  0.94995089  0.53874083
  0.54188965  0.98736382]
2024-04-10 18:35:11,129 - pyswarms.single.global_best - INFO - Optimize for 200 iters with {'c1': 0.5, 'c2': 0.3, 'w': 0.9}
2024-04-10 18:35:18,371 - pyswarms.single.global_best - INFO - Optimization finished | best cost: 1.2223468864785867, best pos: [ 0.03219458  0.22522239 -1.06391193 -1.32580266  0.76627028  0.11776125
  0.12562927  0.6228954 ]
2024-04-10 18:35:18,934 - pyswarms.single.global_best - INFO - Optimize for 200 iters with {'c1': 0.5, 'c2': 0.3, 'w': 0.9}
2024-04-10 18:35:27,868 - pyswarms.single.global_best - INFO - Optimization finished | best cost: 1.2746133723339539, best pos: [ 0.14995992  0.05647807 -1.1086011  -1.42144563  0.39478905  0.86126608
  0.91942483  0.18429937]
2024-04-10 18:35:28,558 - pyswarms.single.global_best - INFO - Optimize for 200 iters with {'c1': 0.5, 'c2': 0.3, 'w': 0.9}
2024-04-10 18:35:41,213 - pyswarms.single.global_best - INFO - Optimization finished | best cost: 1.6356468723458248, best pos: [ 0.02152992  0.03099958 -0.78786199 -0.78687897  0.50714759  0.98029792
  0.43502578  0.78052797]
2024-04-10 18:35:42,201 - pyswarms.single.global_best - INFO - Optimize for 200 iters with {'c1': 0.5, 'c2': 0.3, 'w': 0.9}
2024-04-10 18:35:52,002 - pyswarms.single.global_best - INFO - Optimization finished | best cost: 0.9741825313831669, best pos: [ 0.08807358  0.03217552 -1.39100154 -1.63108401  0.62843409  0.96219924
  0.41616952  0.81587772]
2024-04-10 18:35:52,767 - pyswarms.single.global_best - INFO - Optimize for 200 iters with {'c1': 0.5, 'c2': 0.3, 'w': 0.9}
2024-04-10 18:36:05,390 - pyswarms.single.global_best - INFO - Optimization finished | best cost: 1.2982354548043455, best pos: [ 0.04946129  0.07893709 -1.0092051  -0.63599098  0.6558205   0.69862402
  0.70404912  0.43264952]
2024-04-10 18:36:06,615 - pyswarms.single.global_best - INFO - Optimize for 200 iters with {'c1': 0.5, 'c2': 0.3, 'w': 0.9}
2024-04-10 18:36:07,049 - pyswarms.single.global_best - INFO - Optimization finished | best cost: 1.128643865692746, best pos: [ 0.31009721  0.0149228  -0.86941382 -1.66494522  0.96032581  0.30312369
  0.67664436  0.03924798]
